<?xml version="1.0" encoding="UTF-8"?>
<!-- Generated by org.testng.reporters.JUnitReportReporter -->
<testsuite skipped="0" hostname="LAPTOP-SGJELUFJ" name="TestCases.RunTestCases" tests="3" failures="0" timestamp="2021-03-03T23:29:02 IST" time="39.441" errors="0">
  <testcase name="PrintHospitals" time="23.788" classname="TestCases.RunTestCases"/>
  <system-out/>
  <testcase name="PrintTopCities" time="5.820" classname="TestCases.RunTestCases"/>
  <system-out/>
  <testcase name="CaptureMessage" time="9.833" classname="TestCases.RunTestCases"/>
  <system-out/>
</testsuite> <!-- TestCases.RunTestCases -->
